{"/Users/vincent.lalanne/Code/jest-do-it/packages/core/src/hello.ts": {"path":"/Users/vincent.lalanne/Code/jest-do-it/packages/core/src/hello.ts","statementMap":{"0":{"start":{"line":1,"column":14},"end":{"line":3,"column":3}},"1":{"start":{"line":2,"column":4},"end":{"line":2,"column":35}},"2":{"start":{"line":5,"column":11},"end":{"line":5,"column":16}}},"fnMap":{"0":{"name":"(anonymous_0)","decl":{"start":{"line":1,"column":14},"end":{"line":1,"column":15}},"loc":{"start":{"line":1,"column":31},"end":{"line":3,"column":3}}}},"branchMap":{},"s":{"0":1,"1":1,"2":1},"f":{"0":1},"b":{}}
}
